<?xml version="1.0" encoding="UTF-8"?>
<testsuite xmlns:xsi="http://www.w3.org/2001/XMLSchema-instance"
           xsi:noNamespaceSchemaLocation="https://maven.apache.org/surefire/maven-surefire-plugin/xsd/surefire-test-report-3.0.xsd"
           version="3.0" name="com.adevinta.filesearch.util.SearchUtilTest" time="0.037" tests="7" errors="0"
           skipped="0" failures="0">
    <properties>
        <property name="gopherProxySet" value="false"/>
        <property name="awt.toolkit" value="sun.lwawt.macosx.LWCToolkit"/>
        <property name="file.encoding.pkg" value="sun.io"/>
        <property name="java.specification.version" value="1.8"/>
        <property name="sun.cpu.isalist" value=""/>
        <property name="sun.jnu.encoding" value="UTF-8"/>
        <property name="java.class.path"
                  value="/Users/anietieasuquo/qooria-workspace/filesearch/target/test-classes:/Users/anietieasuquo/qooria-workspace/filesearch/target/classes:/Users/anietieasuquo/.m2/repository/org/junit/jupiter/junit-jupiter-engine/5.5.1/junit-jupiter-engine-5.5.1.jar:/Users/anietieasuquo/.m2/repository/org/apiguardian/apiguardian-api/1.1.0/apiguardian-api-1.1.0.jar:/Users/anietieasuquo/.m2/repository/org/junit/platform/junit-platform-engine/1.5.1/junit-platform-engine-1.5.1.jar:/Users/anietieasuquo/.m2/repository/org/opentest4j/opentest4j/1.2.0/opentest4j-1.2.0.jar:/Users/anietieasuquo/.m2/repository/org/junit/platform/junit-platform-commons/1.5.1/junit-platform-commons-1.5.1.jar:/Users/anietieasuquo/.m2/repository/org/junit/jupiter/junit-jupiter-api/5.5.1/junit-jupiter-api-5.5.1.jar:/Users/anietieasuquo/.m2/repository/org/mockito/mockito-junit-jupiter/3.0.0/mockito-junit-jupiter-3.0.0.jar:/Users/anietieasuquo/.m2/repository/org/mockito/mockito-core/3.0.0/mockito-core-3.0.0.jar:/Users/anietieasuquo/.m2/repository/net/bytebuddy/byte-buddy/1.9.10/byte-buddy-1.9.10.jar:/Users/anietieasuquo/.m2/repository/net/bytebuddy/byte-buddy-agent/1.9.10/byte-buddy-agent-1.9.10.jar:/Users/anietieasuquo/.m2/repository/org/objenesis/objenesis/2.6/objenesis-2.6.jar:"/>
        <property name="java.vm.vendor" value="Oracle Corporation"/>
        <property name="sun.arch.data.model" value="64"/>
        <property name="java.vendor.url" value="http://java.oracle.com/"/>
        <property name="user.timezone" value=""/>
        <property name="java.vm.specification.version" value="1.8"/>
        <property name="os.name" value="Mac OS X"/>
        <property name="user.country" value="NG"/>
        <property name="sun.java.launcher" value="SUN_STANDARD"/>
        <property name="sun.boot.library.path"
                  value="/Library/Java/JavaVirtualMachines/jdk1.8.0_192.jdk/Contents/Home/jre/lib"/>
        <property name="sun.java.command"
                  value="/Users/anietieasuquo/qooria-workspace/filesearch/target/surefire/surefirebooter8639579860971589457.jar /Users/anietieasuquo/qooria-workspace/filesearch/target/surefire 2019-09-18T21-26-30_031-jvmRun1 surefire5752382729705505261tmp surefire_04561590721339515537tmp"/>
        <property name="http.nonProxyHosts" value="local|*.local|169.254/16|*.169.254/16"/>
        <property name="surefire.test.class.path"
                  value="/Users/anietieasuquo/qooria-workspace/filesearch/target/test-classes:/Users/anietieasuquo/qooria-workspace/filesearch/target/classes:/Users/anietieasuquo/.m2/repository/org/junit/jupiter/junit-jupiter-engine/5.5.1/junit-jupiter-engine-5.5.1.jar:/Users/anietieasuquo/.m2/repository/org/apiguardian/apiguardian-api/1.1.0/apiguardian-api-1.1.0.jar:/Users/anietieasuquo/.m2/repository/org/junit/platform/junit-platform-engine/1.5.1/junit-platform-engine-1.5.1.jar:/Users/anietieasuquo/.m2/repository/org/opentest4j/opentest4j/1.2.0/opentest4j-1.2.0.jar:/Users/anietieasuquo/.m2/repository/org/junit/platform/junit-platform-commons/1.5.1/junit-platform-commons-1.5.1.jar:/Users/anietieasuquo/.m2/repository/org/junit/jupiter/junit-jupiter-api/5.5.1/junit-jupiter-api-5.5.1.jar:/Users/anietieasuquo/.m2/repository/org/mockito/mockito-junit-jupiter/3.0.0/mockito-junit-jupiter-3.0.0.jar:/Users/anietieasuquo/.m2/repository/org/mockito/mockito-core/3.0.0/mockito-core-3.0.0.jar:/Users/anietieasuquo/.m2/repository/net/bytebuddy/byte-buddy/1.9.10/byte-buddy-1.9.10.jar:/Users/anietieasuquo/.m2/repository/net/bytebuddy/byte-buddy-agent/1.9.10/byte-buddy-agent-1.9.10.jar:/Users/anietieasuquo/.m2/repository/org/objenesis/objenesis/2.6/objenesis-2.6.jar:"/>
        <property name="sun.cpu.endian" value="little"/>
        <property name="user.home" value="/Users/anietieasuquo"/>
        <property name="user.language" value="en"/>
        <property name="java.specification.vendor" value="Oracle Corporation"/>
        <property name="java.home" value="/Library/Java/JavaVirtualMachines/jdk1.8.0_192.jdk/Contents/Home/jre"/>
        <property name="basedir" value="/Users/anietieasuquo/qooria-workspace/filesearch"/>
        <property name="file.separator" value="/"/>
        <property name="line.separator" value="&#10;"/>
        <property name="java.vm.specification.vendor" value="Oracle Corporation"/>
        <property name="java.specification.name" value="Java Platform API Specification"/>
        <property name="java.awt.graphicsenv" value="sun.awt.CGraphicsEnvironment"/>
        <property name="surefire.real.class.path"
                  value="/Users/anietieasuquo/qooria-workspace/filesearch/target/surefire/surefirebooter8639579860971589457.jar"/>
        <property name="sun.boot.class.path"
                  value="/Library/Java/JavaVirtualMachines/jdk1.8.0_192.jdk/Contents/Home/jre/lib/resources.jar:/Library/Java/JavaVirtualMachines/jdk1.8.0_192.jdk/Contents/Home/jre/lib/rt.jar:/Library/Java/JavaVirtualMachines/jdk1.8.0_192.jdk/Contents/Home/jre/lib/sunrsasign.jar:/Library/Java/JavaVirtualMachines/jdk1.8.0_192.jdk/Contents/Home/jre/lib/jsse.jar:/Library/Java/JavaVirtualMachines/jdk1.8.0_192.jdk/Contents/Home/jre/lib/jce.jar:/Library/Java/JavaVirtualMachines/jdk1.8.0_192.jdk/Contents/Home/jre/lib/charsets.jar:/Library/Java/JavaVirtualMachines/jdk1.8.0_192.jdk/Contents/Home/jre/lib/jfr.jar:/Library/Java/JavaVirtualMachines/jdk1.8.0_192.jdk/Contents/Home/jre/classes"/>
        <property name="sun.management.compiler" value="HotSpot 64-Bit Tiered Compilers"/>
        <property name="ftp.nonProxyHosts" value="local|*.local|169.254/16|*.169.254/16"/>
        <property name="java.runtime.version" value="1.8.0_192-b12"/>
        <property name="user.name" value="anietieasuquo"/>
        <property name="path.separator" value=":"/>
        <property name="os.version" value="10.13"/>
        <property name="java.endorsed.dirs"
                  value="/Library/Java/JavaVirtualMachines/jdk1.8.0_192.jdk/Contents/Home/jre/lib/endorsed"/>
        <property name="java.runtime.name" value="Java(TM) SE Runtime Environment"/>
        <property name="file.encoding" value="UTF-8"/>
        <property name="java.vm.name" value="Java HotSpot(TM) 64-Bit Server VM"/>
        <property name="localRepository" value="/Users/anietieasuquo/.m2/repository"/>
        <property name="java.vendor.url.bug" value="http://bugreport.sun.com/bugreport/"/>
        <property name="java.io.tmpdir" value="/var/folders/0l/twt3wzv17n33hln_bv10fy1h0000gn/T/"/>
        <property name="java.version" value="1.8.0_192"/>
        <property name="user.dir" value="/Users/anietieasuquo/qooria-workspace/filesearch"/>
        <property name="os.arch" value="x86_64"/>
        <property name="java.vm.specification.name" value="Java Virtual Machine Specification"/>
        <property name="java.awt.printerjob" value="sun.lwawt.macosx.CPrinterJob"/>
        <property name="sun.os.patch.level" value="unknown"/>
        <property name="java.library.path"
                  value="/Users/anietieasuquo/Library/Java/Extensions:/Library/Java/Extensions:/Network/Library/Java/Extensions:/System/Library/Java/Extensions:/usr/lib/java:."/>
        <property name="java.vm.info" value="mixed mode"/>
        <property name="java.vendor" value="Oracle Corporation"/>
        <property name="java.vm.version" value="25.192-b12"/>
        <property name="java.ext.dirs"
                  value="/Users/anietieasuquo/Library/Java/Extensions:/Library/Java/JavaVirtualMachines/jdk1.8.0_192.jdk/Contents/Home/jre/lib/ext:/Library/Java/Extensions:/Network/Library/Java/Extensions:/System/Library/Java/Extensions:/usr/lib/java"/>
        <property name="sun.io.unicode.encoding" value="UnicodeBig"/>
        <property name="java.class.version" value="52.0"/>
        <property name="socksNonProxyHosts" value="local|*.local|169.254/16|*.169.254/16"/>
    </properties>
    <testcase name="getCommand_withRecognizedCommand_shouldReturnRecognizedCommand"
              classname="com.adevinta.filesearch.util.SearchUtilTest" time="0"/>
    <testcase name="isTextFile_withValidFile_shouldReturnBoolean"
              classname="com.adevinta.filesearch.util.SearchUtilTest" time="0"/>
    <testcase name="sanitize_withValidStringAndCaseInsensitive_shouldSanitizeString"
              classname="com.adevinta.filesearch.util.SearchUtilTest" time="0"/>
    <testcase name="looksLikeCommand_withValidCommand_shouldReturnBoolean"
              classname="com.adevinta.filesearch.util.SearchUtilTest" time="0.001"/>
    <testcase name="getCommand_withUnrecognizedCommand_shouldReturnUnrecognizedCommand"
              classname="com.adevinta.filesearch.util.SearchUtilTest" time="0.002"/>
    <testcase name="sanitize_withValidStringAndCaseSensitive_shouldSanitizeString"
              classname="com.adevinta.filesearch.util.SearchUtilTest" time="0.001"/>
    <testcase name="readFileContent_withValidFile_shouldReturnBoolean"
              classname="com.adevinta.filesearch.util.SearchUtilTest" time="0.029"/>
</testsuite>
